<?xml version="1.0" encoding="UTF-8"?>
<!-- Generated by org.testng.reporters.JUnitReportReporter -->
<testsuite hostname="LAPTOP-6CRS3H6O" failures="0" tests="3" name="e2e_Tugas2.deleteEmployee" time="3.712" errors="0" timestamp="2025-05-25T08:45:34 WIB" skipped="0">
  <testcase classname="e2e_Tugas2.deleteEmployee" name="DeleteEmployee" time="0.788"/>
  <testcase classname="e2e_Tugas2.deleteEmployee" name="getAllEmployee" time="2.050"/>
  <testcase classname="e2e_Tugas2.deleteEmployee" name="searchEmployee" time="0.874"/>
</testsuite> <!-- e2e_Tugas2.deleteEmployee -->
