<?xml version="1.0" encoding="UTF-8"?>
<!-- Generated by org.testng.reporters.JUnitReportReporter -->
<testsuite hostname="LAPTOP-6CRS3H6O" failures="0" tests="4" name="e2e_Tugas2.registerEmployee" time="7.562" errors="0" timestamp="2025-05-25T08:45:34 WIB" skipped="0">
  <testcase classname="e2e_Tugas2.registerEmployee" name="getAllEmployee" time="2.705"/>
  <testcase classname="e2e_Tugas2.registerEmployee" name="loginEmployee" time="0.868"/>
  <testcase classname="e2e_Tugas2.registerEmployee" name="searchEmployee" time="0.931"/>
  <testcase classname="e2e_Tugas2.registerEmployee" name="addEmployee" time="3.058"/>
</testsuite> <!-- e2e_Tugas2.registerEmployee -->
