<?xml version="1.0" encoding="UTF-8"?>
<!-- Generated by org.testng.reporters.JUnitReportReporter -->
<testsuite hostname="LAPTOP-6CRS3H6O" failures="0" tests="1" name="restassured.Get" time="0.861" errors="0" timestamp="2025-05-18T21:35:35 WIB" skipped="0">
  <testcase classname="restassured.Get" name="getDepartment" time="0.861"/>
</testsuite> <!-- restassured.Get -->
