<?xml version="1.0" encoding="UTF-8"?>
<!-- Generated by org.testng.reporters.JUnitReportReporter -->
<testsuite hostname="LAPTOP-6CRS3H6O" failures="0" tests="1" name="restassured.Get" time="0.983" errors="0" timestamp="2025-05-18T22:10:31 WIB" skipped="0">
  <testcase classname="restassured.Get" name="getDepartment" time="0.983"/>
</testsuite> <!-- restassured.Get -->
